time="2025-11-30T23:41:27+05:30" level=warning msg="/home/ashishn/Desktop/gram-panchayat-system/docker-compose.yml: the attribute `version` is obsolete, it will be ignored, please remove it to avoid potential confusion"
time="2025-11-30T23:41:27+05:30" level=warning msg="Docker Compose is configured to build using Bake, but buildx isn't installed"
#0 building with "default" instance using docker driver

#1 [frontend internal] load build definition from Dockerfile
#1 transferring dockerfile: 346B done
#1 WARN: FromAsCasing: 'as' and 'FROM' keywords' casing do not match (line 1)
#1 DONE 0.0s

#2 [frontend internal] load metadata for docker.io/library/node:18-alpine
#2 ...

#3 [frontend internal] load metadata for docker.io/library/nginx:alpine
#3 DONE 0.9s

#2 [frontend internal] load metadata for docker.io/library/node:18-alpine
#2 DONE 1.0s

#4 [frontend internal] load .dockerignore
#4 transferring context: 2B done
#4 DONE 0.0s

#5 [frontend build 1/6] FROM docker.io/library/node:18-alpine@sha256:8d6421d663b4c28fd3ebc498332f249011d118945588d0a35cb9bc4b8ca09d9e
#5 DONE 0.0s

#6 [frontend build 2/6] WORKDIR /app
#6 CACHED

#7 [frontend stage-1 1/3] FROM docker.io/library/nginx:alpine@sha256:b3c656d55d7ad751196f21b7fd2e8d4da9cb430e32f646adcf92441b72f82b14
#7 CACHED

#8 [frontend internal] load build context
#8 transferring context: 5.18kB done
#8 DONE 0.0s

#9 [frontend build 3/6] COPY package*.json ./
#9 DONE 0.0s

#10 [frontend build 4/6] RUN npm install --legacy-peer-deps || npm install
#10 227.0 npm warn deprecated inflight@1.0.6: This module is not supported, and leaks memory. Do not use it. Check out lru-cache if you want a good and tested way to coalesce async requests by a key value, which is much more comprehensive and powerful.
#10 227.1 npm warn deprecated glob@7.2.3: Glob versions prior to v9 are no longer supported
#10 228.7 npm warn deprecated rimraf@3.0.2: Rimraf versions prior to v4 are no longer supported
#10 230.0 npm warn deprecated @humanwhocodes/object-schema@2.0.3: Use @eslint/object-schema instead
#10 230.5 npm warn deprecated @humanwhocodes/config-array@0.13.0: Use @eslint/config-array instead
#10 233.3 npm warn deprecated eslint@8.57.1: This version is no longer supported. Please see https://eslint.org/version-support for other options.
#10 243.7 
#10 243.7 added 344 packages, and audited 345 packages in 4m
#10 243.7 
#10 243.7 125 packages are looking for funding
#10 243.7   run `npm fund` for details
#10 243.7 
#10 243.7 2 moderate severity vulnerabilities
#10 243.7 
#10 243.7 To address all issues (including breaking changes), run:
#10 243.7   npm audit fix --force
#10 243.7 
#10 243.7 Run `npm audit` for details.
#10 243.7 npm notice
#10 243.7 npm notice New major version of npm available! 10.8.2 -> 11.6.4
#10 243.7 npm notice Changelog: https://github.com/npm/cli/releases/tag/v11.6.4
#10 243.7 npm notice To update run: npm install -g npm@11.6.4
#10 243.7 npm notice
#10 DONE 243.8s

#11 [frontend build 5/6] COPY . .
#11 DONE 0.0s

#12 [frontend build 6/6] RUN npm run build
#12 0.331 
#12 0.331 > gram-panchayat-frontend@1.0.0 build
#12 0.331 > vite build
#12 0.331 
#12 0.620 vite v5.4.21 building for production...
#12 0.993 transforming...
#12 1.028 ✓ 3 modules transformed.
#12 1.051 rendering chunks...
#12 1.058 computing gzip size...
#12 1.061 dist/index.html                0.37 kB │ gzip: 0.27 kB
#12 1.061 dist/assets/index-B5Qt9EMX.js  0.71 kB │ gzip: 0.40 kB
#12 1.061 ✓ built in 403ms
#12 DONE 1.1s

#13 [frontend stage-1 2/3] COPY --from=build /app/dist /usr/share/nginx/html
#13 DONE 0.0s

#14 [frontend stage-1 3/3] COPY nginx.conf /etc/nginx/conf.d/default.conf
#14 DONE 0.0s

#15 [frontend] exporting to image
#15 exporting layers 0.0s done
#15 writing image sha256:2a61bc61c3d0c0ef54a399287617ceacf4c2552d6b65666b529c32936d027e04 done
#15 naming to docker.io/library/gram-panchayat-system-frontend done
#15 DONE 0.0s

#16 [frontend] resolving provenance for metadata file
#16 DONE 0.0s
 frontend  Built
